<?xml version="1.0" encoding="UTF-8"?>
<testsuite name="com.example.demo.DemoApplicationTests" tests="2" skipped="0" failures="0" errors="0" timestamp="2025-03-24T12:42:43.018Z" hostname="OUESSANT-11" time="0.422">
  <properties/>
  <testcase name="RG_11315()" classname="com.example.demo.DemoApplicationTests" time="0.42"/>
  <testcase name="contextLoads()" classname="com.example.demo.DemoApplicationTests" time="0.001"/>
  <system-out><![CDATA[13:42:42.001 [Test worker] INFO org.springframework.test.context.support.AnnotationConfigContextLoaderUtils -- Could not detect default configuration classes for test class [com.example.demo.DemoApplicationTests]: DemoApplicationTests does not declare any static, non-private, non-final, nested classes annotated with @Configuration.
13:42:42.082 [Test worker] INFO org.springframework.boot.test.context.SpringBootTestContextBootstrapper -- Found @SpringBootConfiguration com.example.demo.DemoApplication for test class com.example.demo.DemoApplicationTests

  .   ____          _            __ _ _
 /\\ / ___'_ __ _ _(_)_ __  __ _ \ \ \ \
( ( )\___ | '_ | '_| | '_ \/ _` | \ \ \ \
 \\/  ___)| |_)| | | | | || (_| |  ) ) ) )
  '  |____| .__|_| |_|_| |_\__, | / / / /
 =========|_|==============|___/=/_/_/_/

 :: Spring Boot ::                (v3.4.4)

2025-03-24T13:42:42.335+01:00  INFO 23532 --- [demo] [    Test worker] com.example.demo.DemoApplicationTests    : Starting DemoApplicationTests using Java 17.0.14 with PID 23532 (started by Administrateur in C:\Users\Administrateur\Cours CI-CD\demo)
2025-03-24T13:42:42.336+01:00  INFO 23532 --- [demo] [    Test worker] com.example.demo.DemoApplicationTests    : No active profile set, falling back to 1 default profile: "default"
2025-03-24T13:42:43.006+01:00  INFO 23532 --- [demo] [    Test worker] com.example.demo.DemoApplicationTests    : Started DemoApplicationTests in 0.823 seconds (process running for 1.506)
]]></system-out>
  <system-err><![CDATA[]]></system-err>
</testsuite>
